2015-07-06 17:42:38,186 [Start Help Server] INFO  org.eclipse.jetty.util.log - Logging initialized @1147355ms
2015-07-06 17:42:38,255 [Start Help Server] INFO  org.eclipse.jetty.server.Server - jetty-9.2.9.v20150224
2015-07-06 17:42:38,288 [Start Help Server] INFO  o.e.j.server.handler.ContextHandler - Started o.e.j.s.ServletContextHandler@7191f8f0{/help,null,AVAILABLE}
2015-07-06 17:42:38,302 [Start Help Server] INFO  o.e.jetty.server.ServerConnector - Started ServerConnector@338a34e7{HTTP/1.1}{127.0.0.1:50814}
2015-07-06 17:42:38,302 [Start Help Server] INFO  org.eclipse.jetty.server.Server - Started @1147474ms
2015-07-11 16:16:16,067 [Start Help Server] INFO  org.eclipse.jetty.util.log - Logging initialized @162545ms
2015-07-11 16:16:16,396 [Start Help Server] INFO  org.eclipse.jetty.server.Server - jetty-9.2.9.v20150224
2015-07-11 16:16:16,558 [Start Help Server] INFO  o.e.j.server.handler.ContextHandler - Started o.e.j.s.ServletContextHandler@7d36ca87{/help,null,AVAILABLE}
2015-07-11 16:16:16,616 [Start Help Server] INFO  o.e.jetty.server.ServerConnector - Started ServerConnector@671b75c7{HTTP/1.1}{127.0.0.1:50012}
2015-07-11 16:16:16,617 [Start Help Server] INFO  org.eclipse.jetty.server.Server - Started @163105ms
2015-07-12 01:13:08,072 [Stop Help Server] INFO  o.e.jetty.server.ServerConnector - Stopped ServerConnector@671b75c7{HTTP/1.1}{127.0.0.1:0}
2015-07-12 01:13:08,083 [Stop Help Server] INFO  o.e.j.server.handler.ContextHandler - Stopped o.e.j.s.ServletContextHandler@7d36ca87{/help,null,UNAVAILABLE}
2015-07-12 19:08:51,031 [Start Help Server] INFO  org.eclipse.jetty.util.log - Logging initialized @2093921ms
2015-07-12 19:08:51,539 [Start Help Server] INFO  org.eclipse.jetty.server.Server - jetty-9.2.9.v20150224
2015-07-12 19:08:51,681 [Start Help Server] INFO  o.e.j.server.handler.ContextHandler - Started o.e.j.s.ServletContextHandler@37db6b29{/help,null,AVAILABLE}
2015-07-12 19:08:51,769 [Start Help Server] INFO  o.e.jetty.server.ServerConnector - Started ServerConnector@2d100ca6{HTTP/1.1}{127.0.0.1:53408}
2015-07-12 19:08:51,770 [Start Help Server] INFO  org.eclipse.jetty.server.Server - Started @2094677ms
2015-07-13 01:15:28,868 [Stop Help Server] INFO  o.e.jetty.server.ServerConnector - Stopped ServerConnector@2d100ca6{HTTP/1.1}{127.0.0.1:0}
2015-07-13 01:15:28,886 [Stop Help Server] INFO  o.e.j.server.handler.ContextHandler - Stopped o.e.j.s.ServletContextHandler@37db6b29{/help,null,UNAVAILABLE}
2015-07-14 12:45:12,215 [Start Help Server] INFO  org.eclipse.jetty.util.log - Logging initialized @1876437ms
2015-07-14 12:45:12,689 [Start Help Server] INFO  org.eclipse.jetty.server.Server - jetty-9.2.9.v20150224
2015-07-14 12:45:12,815 [Start Help Server] INFO  o.e.j.server.handler.ContextHandler - Started o.e.j.s.ServletContextHandler@11ebcdb0{/help,null,AVAILABLE}
2015-07-14 12:45:12,883 [Start Help Server] INFO  o.e.jetty.server.ServerConnector - Started ServerConnector@733a89{HTTP/1.1}{127.0.0.1:62135}
2015-07-14 12:45:12,885 [Start Help Server] INFO  org.eclipse.jetty.server.Server - Started @1877118ms
2015-07-14 13:47:38,398 [Stop Help Server] INFO  o.e.jetty.server.ServerConnector - Stopped ServerConnector@733a89{HTTP/1.1}{127.0.0.1:0}
2015-07-14 13:47:38,409 [Stop Help Server] INFO  o.e.j.server.handler.ContextHandler - Stopped o.e.j.s.ServletContextHandler@11ebcdb0{/help,null,UNAVAILABLE}
2015-07-15 00:02:08,124 [Start Help Server] INFO  org.eclipse.jetty.util.log - Logging initialized @561096ms
2015-07-15 00:02:08,289 [Start Help Server] INFO  org.eclipse.jetty.server.Server - jetty-9.2.9.v20150224
2015-07-15 00:02:08,328 [Start Help Server] INFO  o.e.j.server.handler.ContextHandler - Started o.e.j.s.ServletContextHandler@62559f2a{/help,null,AVAILABLE}
2015-07-15 00:02:08,352 [Start Help Server] INFO  o.e.jetty.server.ServerConnector - Started ServerConnector@428c1365{HTTP/1.1}{127.0.0.1:52570}
2015-07-15 00:02:08,352 [Start Help Server] INFO  org.eclipse.jetty.server.Server - Started @561328ms
2015-07-15 00:55:44,722 [Stop Help Server] INFO  o.e.jetty.server.ServerConnector - Stopped ServerConnector@428c1365{HTTP/1.1}{127.0.0.1:0}
2015-07-15 00:55:44,735 [Stop Help Server] INFO  o.e.j.server.handler.ContextHandler - Stopped o.e.j.s.ServletContextHandler@62559f2a{/help,null,UNAVAILABLE}
2015-07-15 16:28:53,885 [Start Help Server] INFO  org.eclipse.jetty.util.log - Logging initialized @383780ms
2015-07-15 16:28:54,077 [Start Help Server] INFO  org.eclipse.jetty.server.Server - jetty-9.2.9.v20150224
2015-07-15 16:28:54,122 [Start Help Server] INFO  o.e.j.server.handler.ContextHandler - Started o.e.j.s.ServletContextHandler@2eff6bb2{/help,null,AVAILABLE}
2015-07-15 16:28:54,167 [Start Help Server] INFO  o.e.jetty.server.ServerConnector - Started ServerConnector@4c732486{HTTP/1.1}{127.0.0.1:57124}
2015-07-15 16:28:54,167 [Start Help Server] INFO  org.eclipse.jetty.server.Server - Started @384065ms
2015-07-15 17:27:11,565 [Stop Help Server] INFO  o.e.jetty.server.ServerConnector - Stopped ServerConnector@4c732486{HTTP/1.1}{127.0.0.1:0}
2015-07-15 17:27:11,577 [Stop Help Server] INFO  o.e.j.server.handler.ContextHandler - Stopped o.e.j.s.ServletContextHandler@2eff6bb2{/help,null,UNAVAILABLE}
2015-07-15 22:22:52,467 [Start Help Server] INFO  org.eclipse.jetty.util.log - Logging initialized @1570163ms
2015-07-15 22:22:52,572 [Start Help Server] INFO  org.eclipse.jetty.server.Server - jetty-9.2.9.v20150224
2015-07-15 22:22:52,628 [Start Help Server] INFO  o.e.j.server.handler.ContextHandler - Started o.e.j.s.ServletContextHandler@16661b68{/help,null,AVAILABLE}
2015-07-15 22:22:52,646 [Start Help Server] INFO  o.e.jetty.server.ServerConnector - Started ServerConnector@25bd047{HTTP/1.1}{127.0.0.1:61895}
2015-07-15 22:22:52,646 [Start Help Server] INFO  org.eclipse.jetty.server.Server - Started @1570345ms
2015-07-15 22:28:35,722 [Stop Help Server] INFO  o.e.jetty.server.ServerConnector - Stopped ServerConnector@25bd047{HTTP/1.1}{127.0.0.1:0}
2015-07-15 22:28:35,734 [Stop Help Server] INFO  o.e.j.server.handler.ContextHandler - Stopped o.e.j.s.ServletContextHandler@16661b68{/help,null,UNAVAILABLE}
2015-07-16 13:05:31,735 [Start Help Server] INFO  org.eclipse.jetty.util.log - Logging initialized @630669ms
2015-07-16 13:05:31,961 [Start Help Server] INFO  org.eclipse.jetty.server.Server - jetty-9.2.9.v20150224
2015-07-16 13:05:32,012 [Start Help Server] INFO  o.e.j.server.handler.ContextHandler - Started o.e.j.s.ServletContextHandler@556d7a90{/help,null,AVAILABLE}
2015-07-16 13:05:32,051 [Start Help Server] INFO  o.e.jetty.server.ServerConnector - Started ServerConnector@489779ce{HTTP/1.1}{127.0.0.1:51976}
2015-07-16 13:05:32,052 [Start Help Server] INFO  org.eclipse.jetty.server.Server - Started @630988ms
2015-07-16 14:56:18,117 [Stop Help Server] INFO  o.e.jetty.server.ServerConnector - Stopped ServerConnector@489779ce{HTTP/1.1}{127.0.0.1:0}
2015-07-16 14:56:18,129 [Stop Help Server] INFO  o.e.j.server.handler.ContextHandler - Stopped o.e.j.s.ServletContextHandler@556d7a90{/help,null,UNAVAILABLE}
2015-08-04 13:00:56,809 [Start Help Server] INFO  org.eclipse.jetty.util.log - Logging initialized @1156671ms
2015-08-04 13:00:57,035 [Start Help Server] INFO  org.eclipse.jetty.server.Server - jetty-9.2.9.v20150224
2015-08-04 13:00:57,104 [Start Help Server] INFO  o.e.j.server.handler.ContextHandler - Started o.e.j.s.ServletContextHandler@3b9c7746{/help,null,AVAILABLE}
2015-08-04 13:00:57,137 [Start Help Server] INFO  o.e.jetty.server.ServerConnector - Started ServerConnector@1b1d585b{HTTP/1.1}{127.0.0.1:51899}
2015-08-04 13:00:57,137 [Start Help Server] INFO  org.eclipse.jetty.server.Server - Started @1157014ms
2015-08-04 14:16:12,232 [Stop Help Server] INFO  o.e.jetty.server.ServerConnector - Stopped ServerConnector@1b1d585b{HTTP/1.1}{127.0.0.1:0}
2015-08-04 14:16:12,240 [Stop Help Server] INFO  o.e.j.server.handler.ContextHandler - Stopped o.e.j.s.ServletContextHandler@3b9c7746{/help,null,UNAVAILABLE}
2015-10-21 15:09:52,813 [main] INFO  c.g.t.t.d.PublishedGradleVersions - Gradle version information cache file is not available. Remote download required.
2015-10-21 15:40:21,886 [main] INFO  c.g.t.t.d.PublishedGradleVersions - Gradle version information cache file is not out-of-date. No remote download required.
2015-10-21 22:20:59,319 [main] INFO  c.g.t.t.d.PublishedGradleVersions - Gradle version information cache file is not out-of-date. No remote download required.
2015-10-21 22:34:46,746 [main] INFO  o.e.r.s.GitSnippetRepository - Failed to parse query
org.apache.lucene.queryParser.ParseException: Cannot parse '){ (location:java-statements OR location:java OR location:file)': Encountered " ")" ") "" at line 1, column 0.
Was expecting one of:
    <NOT> ...
    "+" ...
    "-" ...
    "(" ...
    "*" ...
    <QUOTED> ...
    <TERM> ...
    <PREFIXTERM> ...
    <WILDTERM> ...
    "[" ...
    "{" ...
    <NUMBER> ...
    <TERM> ...
    "*" ...
    
	at org.apache.lucene.queryParser.QueryParser.parse(QueryParser.java:211) ~[org.apache.lucene.core_3.5.0.v20120725-1805.jar:3.5.0 1204988 - simon - 2011-11-22 14:46:51]
	at org.eclipse.recommenders.snipmatch.FileSnippetRepository.searchSnippetFiles(FileSnippetRepository.java:347) [org.eclipse.recommenders.snipmatch_2.2.4.v20150914-0857.jar:na]
	at org.eclipse.recommenders.snipmatch.FileSnippetRepository.doSearch(FileSnippetRepository.java:328) [org.eclipse.recommenders.snipmatch_2.2.4.v20150914-0857.jar:na]
	at org.eclipse.recommenders.snipmatch.FileSnippetRepository.search(FileSnippetRepository.java:307) [org.eclipse.recommenders.snipmatch_2.2.4.v20150914-0857.jar:na]
	at org.eclipse.recommenders.internal.snipmatch.rcp.EclipseGitSnippetRepository.search(EclipseGitSnippetRepository.java:280) [org.eclipse.recommenders.snipmatch.rcp_2.2.4.v20150914-0857.jar:na]
	at org.eclipse.recommenders.internal.snipmatch.rcp.SnipmatchContentAssistProcessor.computeCompletionProposals(SnipmatchContentAssistProcessor.java:150) [org.eclipse.recommenders.snipmatch.rcp_2.2.4.v20150914-0857.jar:na]
	at org.eclipse.jface.text.contentassist.ContentAssistant$5.run(ContentAssistant.java:1904) [org.eclipse.jface.text_3.10.0.v20150603-1752.jar:na]
	at org.eclipse.core.runtime.SafeRunner.run(SafeRunner.java:42) [org.eclipse.equinox.common_3.7.0.v20150402-1709.jar:na]
	at org.eclipse.jface.text.contentassist.ContentAssistant.computeCompletionProposals(ContentAssistant.java:1902) [org.eclipse.jface.text_3.10.0.v20150603-1752.jar:na]
	at org.eclipse.jface.text.contentassist.CompletionProposalPopup.computeProposals(CompletionProposalPopup.java:573) [org.eclipse.jface.text_3.10.0.v20150603-1752.jar:na]
	at org.eclipse.jface.text.contentassist.CompletionProposalPopup.handleRepeatedInvocation(CompletionProposalPopup.java:558) [org.eclipse.jface.text_3.10.0.v20150603-1752.jar:na]
	at org.eclipse.jface.text.contentassist.CompletionProposalPopup.incrementalComplete(CompletionProposalPopup.java:1590) [org.eclipse.jface.text_3.10.0.v20150603-1752.jar:na]
	at org.eclipse.jface.text.contentassist.ContentAssistant.showPossibleCompletions(ContentAssistant.java:1719) [org.eclipse.jface.text_3.10.0.v20150603-1752.jar:na]
	at org.eclipse.recommenders.internal.snipmatch.rcp.SnipmatchCompletionEngine$6.modifyText(SnipmatchCompletionEngine.java:251) [org.eclipse.recommenders.snipmatch.rcp_2.2.4.v20150914-0857.jar:na]
	at org.eclipse.swt.widgets.TypedListener.handleEvent(TypedListener.java:179) [org.eclipse.swt.win32.win32.x86_64_3.104.1.v20150825-0743.jar:na]
	at org.eclipse.swt.widgets.EventTable.sendEvent(EventTable.java:84) [org.eclipse.swt.win32.win32.x86_64_3.104.1.v20150825-0743.jar:na]
	at org.eclipse.swt.widgets.Display.sendEvent(Display.java:4362) [org.eclipse.swt.win32.win32.x86_64_3.104.1.v20150825-0743.jar:na]
	at org.eclipse.swt.widgets.Widget.sendEvent(Widget.java:1113) [org.eclipse.swt.win32.win32.x86_64_3.104.1.v20150825-0743.jar:na]
	at org.eclipse.swt.widgets.Widget.sendEvent(Widget.java:1137) [org.eclipse.swt.win32.win32.x86_64_3.104.1.v20150825-0743.jar:na]
	at org.eclipse.swt.widgets.Widget.sendEvent(Widget.java:1122) [org.eclipse.swt.win32.win32.x86_64_3.104.1.v20150825-0743.jar:na]
	at org.eclipse.swt.widgets.Widget.notifyListeners(Widget.java:788) [org.eclipse.swt.win32.win32.x86_64_3.104.1.v20150825-0743.jar:na]
	at org.eclipse.swt.custom.StyledText.modifyContent(StyledText.java:7313) [org.eclipse.swt.win32.win32.x86_64_3.104.1.v20150825-0743.jar:na]
	at org.eclipse.swt.custom.StyledText.sendKeyEvent(StyledText.java:8156) [org.eclipse.swt.win32.win32.x86_64_3.104.1.v20150825-0743.jar:na]
	at org.eclipse.swt.custom.StyledText.doContent(StyledText.java:2502) [org.eclipse.swt.win32.win32.x86_64_3.104.1.v20150825-0743.jar:na]
	at org.eclipse.swt.custom.StyledText.handleKey(StyledText.java:5964) [org.eclipse.swt.win32.win32.x86_64_3.104.1.v20150825-0743.jar:na]
	at org.eclipse.swt.custom.StyledText.handleKeyDown(StyledText.java:5995) [org.eclipse.swt.win32.win32.x86_64_3.104.1.v20150825-0743.jar:na]
	at org.eclipse.swt.custom.StyledText$7.handleEvent(StyledText.java:5682) [org.eclipse.swt.win32.win32.x86_64_3.104.1.v20150825-0743.jar:na]
	at org.eclipse.swt.widgets.EventTable.sendEvent(EventTable.java:84) [org.eclipse.swt.win32.win32.x86_64_3.104.1.v20150825-0743.jar:na]
	at org.eclipse.swt.widgets.Display.sendEvent(Display.java:4362) [org.eclipse.swt.win32.win32.x86_64_3.104.1.v20150825-0743.jar:na]
	at org.eclipse.swt.widgets.Widget.sendEvent(Widget.java:1113) [org.eclipse.swt.win32.win32.x86_64_3.104.1.v20150825-0743.jar:na]
	at org.eclipse.swt.widgets.Widget.sendEvent(Widget.java:1137) [org.eclipse.swt.win32.win32.x86_64_3.104.1.v20150825-0743.jar:na]
	at org.eclipse.swt.widgets.Widget.sendEvent(Widget.java:1122) [org.eclipse.swt.win32.win32.x86_64_3.104.1.v20150825-0743.jar:na]
	at org.eclipse.swt.widgets.Widget.sendKeyEvent(Widget.java:1164) [org.eclipse.swt.win32.win32.x86_64_3.104.1.v20150825-0743.jar:na]
	at org.eclipse.swt.widgets.Widget.sendKeyEvent(Widget.java:1160) [org.eclipse.swt.win32.win32.x86_64_3.104.1.v20150825-0743.jar:na]
	at org.eclipse.swt.widgets.Widget.wmChar(Widget.java:1581) [org.eclipse.swt.win32.win32.x86_64_3.104.1.v20150825-0743.jar:na]
	at org.eclipse.swt.widgets.Control.WM_CHAR(Control.java:4795) [org.eclipse.swt.win32.win32.x86_64_3.104.1.v20150825-0743.jar:na]
	at org.eclipse.swt.widgets.Canvas.WM_CHAR(Canvas.java:343) [org.eclipse.swt.win32.win32.x86_64_3.104.1.v20150825-0743.jar:na]
	at org.eclipse.swt.widgets.Control.windowProc(Control.java:4676) [org.eclipse.swt.win32.win32.x86_64_3.104.1.v20150825-0743.jar:na]
	at org.eclipse.swt.widgets.Canvas.windowProc(Canvas.java:339) [org.eclipse.swt.win32.win32.x86_64_3.104.1.v20150825-0743.jar:na]
	at org.eclipse.swt.widgets.Display.windowProc(Display.java:5050) [org.eclipse.swt.win32.win32.x86_64_3.104.1.v20150825-0743.jar:na]
	at org.eclipse.swt.internal.win32.OS.DispatchMessageW(Native Method) [org.eclipse.swt.win32.win32.x86_64_3.104.1.v20150825-0743.jar:na]
	at org.eclipse.swt.internal.win32.OS.DispatchMessage(OS.java:2549) [org.eclipse.swt.win32.win32.x86_64_3.104.1.v20150825-0743.jar:na]
	at org.eclipse.swt.widgets.Display.readAndDispatch(Display.java:3767) [org.eclipse.swt.win32.win32.x86_64_3.104.1.v20150825-0743.jar:na]
	at org.eclipse.e4.ui.internal.workbench.swt.PartRenderingEngine$4.run(PartRenderingEngine.java:1127) [org.eclipse.e4.ui.workbench.swt_0.13.0.v20150504-0621.jar:na]
	at org.eclipse.core.databinding.observable.Realm.runWithDefault(Realm.java:337) [org.eclipse.core.databinding.observable_1.5.0.v20150422-0725.jar:na]
	at org.eclipse.e4.ui.internal.workbench.swt.PartRenderingEngine.run(PartRenderingEngine.java:1018) [org.eclipse.e4.ui.workbench.swt_0.13.0.v20150504-0621.jar:na]
	at org.eclipse.e4.ui.internal.workbench.E4Workbench.createAndRunUI(E4Workbench.java:156) [org.eclipse.e4.ui.workbench_1.3.0.v20150531-1948.jar:na]
	at org.eclipse.ui.internal.Workbench$5.run(Workbench.java:654) [org.eclipse.ui.workbench_3.107.0.v20150825-2206.jar:na]
	at org.eclipse.core.databinding.observable.Realm.runWithDefault(Realm.java:337) [org.eclipse.core.databinding.observable_1.5.0.v20150422-0725.jar:na]
	at org.eclipse.ui.internal.Workbench.createAndRunWorkbench(Workbench.java:598) [org.eclipse.ui.workbench_3.107.0.v20150825-2206.jar:na]
	at org.eclipse.ui.PlatformUI.createAndRunWorkbench(PlatformUI.java:150) [org.eclipse.ui.workbench_3.107.0.v20150825-2206.jar:na]
	at org.eclipse.ui.internal.ide.application.IDEApplication.start(IDEApplication.java:139) [org.eclipse.ui.ide.application_1.1.0.v20150422-0725.jar:na]
	at org.eclipse.equinox.internal.app.EclipseAppHandle.run(EclipseAppHandle.java:196) [org.eclipse.equinox.app_1.3.300.v20150423-1356.jar:na]
	at org.eclipse.core.runtime.internal.adaptor.EclipseAppLauncher.runApplication(EclipseAppLauncher.java:134) [org.eclipse.osgi_3.10.101.v20150820-1432.jar:na]
	at org.eclipse.core.runtime.internal.adaptor.EclipseAppLauncher.start(EclipseAppLauncher.java:104) [org.eclipse.osgi_3.10.101.v20150820-1432.jar:na]
	at org.eclipse.core.runtime.adaptor.EclipseStarter.run(EclipseStarter.java:380) [org.eclipse.osgi_3.10.101.v20150820-1432.jar:na]
	at org.eclipse.core.runtime.adaptor.EclipseStarter.run(EclipseStarter.java:235) [org.eclipse.osgi_3.10.101.v20150820-1432.jar:na]
	at sun.reflect.NativeMethodAccessorImpl.invoke0(Native Method) ~[na:1.8.0_65]
	at sun.reflect.NativeMethodAccessorImpl.invoke(Unknown Source) ~[na:1.8.0_65]
	at sun.reflect.DelegatingMethodAccessorImpl.invoke(Unknown Source) ~[na:1.8.0_65]
	at java.lang.reflect.Method.invoke(Unknown Source) ~[na:1.8.0_65]
	at org.eclipse.equinox.launcher.Main.invokeFramework(Main.java:669) [org.eclipse.equinox.launcher_1.3.100.v20150511-1540.jar:na]
	at org.eclipse.equinox.launcher.Main.basicRun(Main.java:608) [org.eclipse.equinox.launcher_1.3.100.v20150511-1540.jar:na]
	at org.eclipse.equinox.launcher.Main.run(Main.java:1515) [org.eclipse.equinox.launcher_1.3.100.v20150511-1540.jar:na]
Caused by: org.apache.lucene.queryParser.ParseException: Encountered " ")" ") "" at line 1, column 0.
Was expecting one of:
    <NOT> ...
    "+" ...
    "-" ...
    "(" ...
    "*" ...
    <QUOTED> ...
    <TERM> ...
    <PREFIXTERM> ...
    <WILDTERM> ...
    "[" ...
    "{" ...
    <NUMBER> ...
    <TERM> ...
    "*" ...
    
	at org.apache.lucene.queryParser.QueryParser.generateParseException(QueryParser.java:1818) ~[org.apache.lucene.core_3.5.0.v20120725-1805.jar:3.5.0 1204988 - simon - 2011-11-22 14:46:51]
	at org.apache.lucene.queryParser.QueryParser.jj_consume_token(QueryParser.java:1700) ~[org.apache.lucene.core_3.5.0.v20120725-1805.jar:3.5.0 1204988 - simon - 2011-11-22 14:46:51]
	at org.apache.lucene.queryParser.QueryParser.Clause(QueryParser.java:1327) ~[org.apache.lucene.core_3.5.0.v20120725-1805.jar:3.5.0 1204988 - simon - 2011-11-22 14:46:51]
	at org.apache.lucene.queryParser.QueryParser.Query(QueryParser.java:1237) ~[org.apache.lucene.core_3.5.0.v20120725-1805.jar:3.5.0 1204988 - simon - 2011-11-22 14:46:51]
	at org.apache.lucene.queryParser.QueryParser.TopLevelQuery(QueryParser.java:1226) ~[org.apache.lucene.core_3.5.0.v20120725-1805.jar:3.5.0 1204988 - simon - 2011-11-22 14:46:51]
	at org.apache.lucene.queryParser.QueryParser.parse(QueryParser.java:206) ~[org.apache.lucene.core_3.5.0.v20120725-1805.jar:3.5.0 1204988 - simon - 2011-11-22 14:46:51]
	... 63 common frames omitted
2015-10-21 22:35:00,856 [main] INFO  c.g.t.t.d.PublishedGradleVersions - Gradle version information cache file is not out-of-date. No remote download required.
2015-10-21 22:39:23,454 [main] INFO  c.g.t.t.d.PublishedGradleVersions - Gradle version information cache file is not out-of-date. No remote download required.
2015-10-21 22:44:07,384 [main] INFO  c.g.t.t.d.PublishedGradleVersions - Gradle version information cache file is not out-of-date. No remote download required.
2015-10-21 23:07:35,405 [main] INFO  c.g.t.t.d.PublishedGradleVersions - Gradle version information cache file is not out-of-date. No remote download required.
2015-10-21 23:22:58,998 [main] INFO  c.g.t.t.d.PublishedGradleVersions - Gradle version information cache file is not out-of-date. No remote download required.
2015-10-22 16:13:16,485 [main] INFO  c.g.t.t.d.PublishedGradleVersions - Gradle version information cache file is out-of-date. Remote download required.
2015-10-22 17:28:17,611 [Worker-7] INFO  c.g.t.t.d.PublishedGradleVersions - Gradle version information cache file is not out-of-date. No remote download required.
2015-10-22 17:31:07,623 [main] INFO  c.g.t.t.d.PublishedGradleVersions - Gradle version information cache file is not out-of-date. No remote download required.
2015-10-22 19:19:00,062 [main] INFO  c.g.t.t.d.PublishedGradleVersions - Gradle version information cache file is not out-of-date. No remote download required.
2015-10-23 12:50:20,496 [main] INFO  c.g.t.t.d.PublishedGradleVersions - Gradle version information cache file is not out-of-date. No remote download required.
2015-10-23 22:59:50,782 [main] INFO  c.g.t.t.d.PublishedGradleVersions - Gradle version information cache file is not out-of-date. No remote download required.
2015-10-23 23:44:49,493 [main] INFO  c.g.t.t.d.PublishedGradleVersions - Gradle version information cache file is not out-of-date. No remote download required.
